<?xml version="1.0" encoding="UTF-8"?>
<!-- Generated by org.testng.reporters.JUnitXMLReporter -->
<testsuite hostname="DESKTOP-VDML5CQ" ignored="0" name="Default test" tests="4" failures="0" timestamp="2020-04-06T00:00:28 IST" time="108.844" errors="0">
  <testcase name="homePageTitleTest" time="0.027" classname="com.wordpress.qa.testcases.HomePageTest"/>
  <testcase name="verifyAddNewPostLinkTest" time="20.177" classname="com.wordpress.qa.testcases.HomePageTest"/>
  <testcase name="verifyAddNewUserLinkTest" time="5.017" classname="com.wordpress.qa.testcases.HomePageTest"/>
  <testcase name="verifyUserNameTest" time="0.058" classname="com.wordpress.qa.testcases.HomePageTest"/>
</testsuite> <!-- Default test -->
