<?xml version="1.0" encoding="UTF-8"?>
<!-- Generated by org.testng.reporters.JUnitXMLReporter -->
<testsuite hostname="DESKTOP-VDML5CQ" ignored="0" name="WordPressApplicationTest" tests="7" failures="0" timestamp="2020-04-06T12:17:01 IST" time="162.707" errors="0">
  <testcase name="loginPageTitleTest" time="0.024" classname="com.wordpress.qa.testcases.LoginPageTest"/>
  <testcase name="loginTest" time="7.417" classname="com.wordpress.qa.testcases.LoginPageTest"/>
  <testcase name="loginWordPresslogoTest" time="0.091" classname="com.wordpress.qa.testcases.LoginPageTest"/>
  <testcase name="homePageTitleTest" time="0.022" classname="com.wordpress.qa.testcases.HomePageTest"/>
  <testcase name="verifyAddNewPostLinkTest" time="19.449" classname="com.wordpress.qa.testcases.HomePageTest"/>
  <testcase name="verifyAddNewUserLinkTest" time="4.028" classname="com.wordpress.qa.testcases.HomePageTest"/>
  <testcase name="verifyUserNameTest" time="0.053" classname="com.wordpress.qa.testcases.HomePageTest"/>
</testsuite> <!-- WordPressApplicationTest -->
