<?xml version="1.0" encoding="UTF-8"?>
<!-- Generated by org.testng.reporters.JUnitXMLReporter -->
<testsuite hostname="DESKTOP-VDML5CQ" ignored="1" name="WordPressApplicationTest(failed)" tests="3" failures="0" timestamp="2020-04-06T12:13:33 IST" time="107.428" errors="0">
  <testcase name="homePageTitleTest" time="0.029" classname="com.wordpress.qa.testcases.HomePageTest"/>
  <testcase name="verifyAddNewPostLinkTest" time="29.216" classname="com.wordpress.qa.testcases.HomePageTest"/>
  <testcase name="verifyAddNewUserLinkTest" time="3.643" classname="com.wordpress.qa.testcases.HomePageTest"/>
  <testcase name="verifyUserNameTest" time="0.0" classname="com.wordpress.qa.testcases.HomePageTest">
    <ignored/>
  </testcase> <!-- verifyUserNameTest -->
</testsuite> <!-- WordPressApplicationTest(failed) -->
