<?xml version="1.0" encoding="UTF-8"?>
<!-- Generated by org.testng.reporters.JUnitXMLReporter -->
<testsuite hostname="DESKTOP-VDML5CQ" ignored="2" name="WordPressApplicationTest(failed)" tests="2" failures="0" timestamp="2020-04-06T11:26:01 IST" time="39.78" errors="0">
  <testcase name="homePageTitleTest" time="0.025" classname="com.wordpress.qa.testcases.HomePageTest"/>
  <testcase name="verifyAddNewUserLinkTest" time="2.786" classname="com.wordpress.qa.testcases.HomePageTest"/>
  <testcase name="verifyUserNameTest" time="0.0" classname="com.wordpress.qa.testcases.HomePageTest">
    <ignored/>
  </testcase> <!-- verifyUserNameTest -->
  <testcase name="verifyAddNewPostLinkTest" time="0.0" classname="com.wordpress.qa.testcases.HomePageTest">
    <ignored/>
  </testcase> <!-- verifyAddNewPostLinkTest -->
</testsuite> <!-- WordPressApplicationTest(failed) -->
